# JRE version: OpenJDK Runtime Environment (8.0_242-b01) (build 1.8.0_242-release-1644-b01)
# Java VM: OpenJDK 64-Bit Server VM (25.242-b01 mixed mode windows-amd64 compressed oops)
Heap:
 PSYoungGen      total 74752K, used 11704K [0x00000000f5580000, 0x00000000fd680000, 0x0000000100000000)
  eden space 64000K, 4% used [0x00000000f5580000,0x00000000f58156f8,0x00000000f9400000)
  from space 10752K, 84% used [0x00000000fa000000,0x00000000fa8d8cf8,0x00000000faa80000)
  to   space 12288K, 0% used [0x00000000f9400000,0x00000000f9400000,0x00000000fa000000)
 ParOldGen       total 175104K, used 7212K [0x00000000e0000000, 0x00000000eab00000, 0x00000000f5580000)
  object space 175104K, 4% used [0x00000000e0000000,0x00000000e070b190,0x00000000eab00000)
 Metaspace       used 32687K, capacity 33714K, committed 33840K, reserved 1079296K
  class space    used 4480K, capacity 4795K, committed 4912K, reserved 1048576K
GC Heap History (10 events):
Event: 2.478 GC heap before
{Heap before GC invocations=3 (full 0):
 PSYoungGen      total 76288K, used 74686K [0x00000000f5580000, 0x00000000faa80000, 0x0000000100000000)
  eden space 65536K, 100% used [0x00000000f5580000,0x00000000f9580000,0x00000000f9580000)
  from space 10752K, 85% used [0x00000000fa000000,0x00000000fa8ef940,0x00000000faa80000)
  to   space 10752K, 0% used [0x00000000f9580000,0x00000000f9580000,0x00000000fa000000)
 ParOldGen       total 175104K, used 24K [0x00000000e0000000, 0x00000000eab00000, 0x00000000f5580000)
  object space 175104K, 0% used [0x00000000e0000000,0x00000000e0006000,0x00000000eab00000)
 Metaspace       used 20190K, capacity 20836K, committed 20992K, reserved 1067008K
  class space    used 2835K, capacity 3022K, committed 3072K, reserved 1048576K
Event: 2.490 GC heap after
Heap after GC invocations=3 (full 0):
 PSYoungGen      total 76288K, used 10723K [0x00000000f5580000, 0x00000000faa80000, 0x0000000100000000)
  eden space 65536K, 0% used [0x00000000f5580000,0x00000000f5580000,0x00000000f9580000)
  from space 10752K, 99% used [0x00000000f9580000,0x00000000f9ff8c78,0x00000000fa000000)
  to   space 10752K, 0% used [0x00000000fa000000,0x00000000fa000000,0x00000000faa80000)
 ParOldGen       total 175104K, used 1183K [0x00000000e0000000, 0x00000000eab00000, 0x00000000f5580000)
  object space 175104K, 0% used [0x00000000e0000000,0x00000000e0127d28,0x00000000eab00000)
 Metaspace       used 20190K, capacity 20836K, committed 20992K, reserved 1067008K
  class space    used 2835K, capacity 3022K, committed 3072K, reserved 1048576K
}
Event: 2.541 GC heap before
{Heap before GC invocations=4 (full 0):
 PSYoungGen      total 76288K, used 15140K [0x00000000f5580000, 0x00000000faa80000, 0x0000000100000000)
  eden space 65536K, 6% used [0x00000000f5580000,0x00000000f59d0518,0x00000000f9580000)
  from space 10752K, 99% used [0x00000000f9580000,0x00000000f9ff8c78,0x00000000fa000000)
  to   space 10752K, 0% used [0x00000000fa000000,0x00000000fa000000,0x00000000faa80000)
 ParOldGen       total 175104K, used 1183K [0x00000000e0000000, 0x00000000eab00000, 0x00000000f5580000)
  object space 175104K, 0% used [0x00000000e0000000,0x00000000e0127d28,0x00000000eab00000)
 Metaspace       used 20531K, capacity 21236K, committed 21296K, reserved 1067008K
  class space    used 2886K, capacity 3102K, committed 3120K, reserved 1048576K
Event: 2.546 GC heap after
Heap after GC invocations=4 (full 0):
 PSYoungGen      total 76288K, used 7348K [0x00000000f5580000, 0x00000000faa80000, 0x0000000100000000)
  eden space 65536K, 0% used [0x00000000f5580000,0x00000000f5580000,0x00000000f9580000)
  from space 10752K, 68% used [0x00000000fa000000,0x00000000fa72d1e8,0x00000000faa80000)
  to   space 10752K, 0% used [0x00000000f9580000,0x00000000f9580000,0x00000000fa000000)
 ParOldGen       total 175104K, used 1191K [0x00000000e0000000, 0x00000000eab00000, 0x00000000f5580000)
  object space 175104K, 0% used [0x00000000e0000000,0x00000000e0129d28,0x00000000eab00000)
 Metaspace       used 20531K, capacity 21236K, committed 21296K, reserved 1067008K
  class space    used 2886K, capacity 3102K, committed 3120K, reserved 1048576K
}
Event: 2.546 GC heap before
{Heap before GC invocations=5 (full 1):
 PSYoungGen      total 76288K, used 7348K [0x00000000f5580000, 0x00000000faa80000, 0x0000000100000000)
  eden space 65536K, 0% used [0x00000000f5580000,0x00000000f5580000,0x00000000f9580000)
  from space 10752K, 68% used [0x00000000fa000000,0x00000000fa72d1e8,0x00000000faa80000)
  to   space 10752K, 0% used [0x00000000f9580000,0x00000000f9580000,0x00000000fa000000)
 ParOldGen       total 175104K, used 1191K [0x00000000e0000000, 0x00000000eab00000, 0x00000000f5580000)
  object space 175104K, 0% used [0x00000000e0000000,0x00000000e0129d28,0x00000000eab00000)
 Metaspace       used 20531K, capacity 21236K, committed 21296K, reserved 1067008K
  class space    used 2886K, capacity 3102K, committed 3120K, reserved 1048576K
Event: 2.576 GC heap after
Heap after GC invocations=5 (full 1):
 PSYoungGen      total 76288K, used 0K [0x00000000f5580000, 0x00000000faa80000, 0x0000000100000000)
  eden space 65536K, 0% used [0x00000000f5580000,0x00000000f5580000,0x00000000f9580000)
  from space 10752K, 0% used [0x00000000fa000000,0x00000000fa000000,0x00000000faa80000)
  to   space 10752K, 0% used [0x00000000f9580000,0x00000000f9580000,0x00000000fa000000)
 ParOldGen       total 175104K, used 7196K [0x00000000e0000000, 0x00000000eab00000, 0x00000000f5580000)
  object space 175104K, 4% used [0x00000000e0000000,0x00000000e0707190,0x00000000eab00000)
 Metaspace       used 20531K, capacity 21236K, committed 21296K, reserved 1067008K
  class space    used 2886K, capacity 3102K, committed 3120K, reserved 1048576K
}
Event: 3.157 GC heap before
{Heap before GC invocations=6 (full 1):
 PSYoungGen      total 76288K, used 65536K [0x00000000f5580000, 0x00000000faa80000, 0x0000000100000000)
  eden space 65536K, 100% used [0x00000000f5580000,0x00000000f9580000,0x00000000f9580000)
  from space 10752K, 0% used [0x00000000fa000000,0x00000000fa000000,0x00000000faa80000)
  to   space 10752K, 0% used [0x00000000f9580000,0x00000000f9580000,0x00000000fa000000)
 ParOldGen       total 175104K, used 7196K [0x00000000e0000000, 0x00000000eab00000, 0x00000000f5580000)
  object space 175104K, 4% used [0x00000000e0000000,0x00000000e0707190,0x00000000eab00000)
 Metaspace       used 28423K, capacity 29172K, committed 29360K, reserved 1075200K
  class space    used 3932K, capacity 4175K, committed 4272K, reserved 1048576K
Event: 3.163 GC heap after
Heap after GC invocations=6 (full 1):
 PSYoungGen      total 76288K, used 8096K [0x00000000f5580000, 0x00000000faa80000, 0x0000000100000000)
  eden space 65536K, 0% used [0x00000000f5580000,0x00000000f5580000,0x00000000f9580000)
  from space 10752K, 75% used [0x00000000f9580000,0x00000000f9d68398,0x00000000fa000000)
  to   space 10752K, 0% used [0x00000000fa000000,0x00000000fa000000,0x00000000faa80000)
 ParOldGen       total 175104K, used 7204K [0x00000000e0000000, 0x00000000eab00000, 0x00000000f5580000)
  object space 175104K, 4% used [0x00000000e0000000,0x00000000e0709190,0x00000000eab00000)
 Metaspace       used 28423K, capacity 29172K, committed 29360K, reserved 1075200K
  class space    used 3932K, capacity 4175K, committed 4272K, reserved 1048576K
}
Event: 7.996 GC heap before
{Heap before GC invocations=7 (full 1):
 PSYoungGen      total 76288K, used 73632K [0x00000000f5580000, 0x00000000faa80000, 0x0000000100000000)
  eden space 65536K, 100% used [0x00000000f5580000,0x00000000f9580000,0x00000000f9580000)
  from space 10752K, 75% used [0x00000000f9580000,0x00000000f9d68398,0x00000000fa000000)
  to   space 10752K, 0% used [0x00000000fa000000,0x00000000fa000000,0x00000000faa80000)
 ParOldGen       total 175104K, used 7204K [0x00000000e0000000, 0x00000000eab00000, 0x00000000f5580000)
  object space 175104K, 4% used [0x00000000e0000000,0x00000000e0709190,0x00000000eab00000)
 Metaspace       used 32668K, capacity 33696K, committed 33840K, reserved 1079296K
  class space    used 4475K, capacity 4790K, committed 4912K, reserved 1048576K
Event: 8.020 GC heap after
Heap after GC invocations=7 (full 1):
 PSYoungGen      total 74752K, used 9059K [0x00000000f5580000, 0x00000000fd680000, 0x0000000100000000)
  eden space 64000K, 0% used [0x00000000f5580000,0x00000000f5580000,0x00000000f9400000)
  from space 10752K, 84% used [0x00000000fa000000,0x00000000fa8d8cf8,0x00000000faa80000)
  to   space 12288K, 0% used [0x00000000f9400000,0x00000000f9400000,0x00000000fa000000)
 ParOldGen       total 175104K, used 7212K [0x00000000e0000000, 0x00000000eab00000, 0x00000000f5580000)
  object space 175104K, 4% used [0x00000000e0000000,0x00000000e070b190,0x00000000eab00000)
 Metaspace       used 32668K, capacity 33696K, committed 33840K, reserved 1079296K
  class space    used 4475K, capacity 4790K, committed 4912K, reserved 1048576K
}

