# JRE version: OpenJDK Runtime Environment (8.0_242-b01) (build 1.8.0_242-release-1644-b01)
# Java VM: OpenJDK 64-Bit Server VM (25.242-b01 mixed mode windows-amd64 compressed oops)
Heap:
 PSYoungGen      total 104960K, used 32947K [0x00000000f5580000, 0x00000000fcd00000, 0x0000000100000000)
  eden space 92672K, 22% used [0x00000000f5580000,0x00000000f69acfa0,0x00000000fb000000)
  from space 12288K, 99% used [0x00000000fb280000,0x00000000fbe7fdc0,0x00000000fbe80000)
  to   space 14848K, 0% used [0x00000000fbe80000,0x00000000fbe80000,0x00000000fcd00000)
 ParOldGen       total 175104K, used 19052K [0x00000000e0000000, 0x00000000eab00000, 0x00000000f5580000)
  object space 175104K, 10% used [0x00000000e0000000,0x00000000e129b1c0,0x00000000eab00000)
 Metaspace       used 48021K, capacity 49888K, committed 50096K, reserved 1091584K
  class space    used 6477K, capacity 6982K, committed 7088K, reserved 1048576K
GC Heap History (10 events):
Event: 34.114 GC heap before
{Heap before GC invocations=7 (full 1):
 PSYoungGen      total 74752K, used 72231K [0x00000000f5580000, 0x00000000fac00000, 0x0000000100000000)
  eden space 64000K, 100% used [0x00000000f5580000,0x00000000f9400000,0x00000000f9400000)
  from space 10752K, 76% used [0x00000000f9580000,0x00000000f9d89f70,0x00000000fa000000)
  to   space 12288K, 0% used [0x00000000fa000000,0x00000000fa000000,0x00000000fac00000)
 ParOldGen       total 175104K, used 7147K [0x00000000e0000000, 0x00000000eab00000, 0x00000000f5580000)
  object space 175104K, 4% used [0x00000000e0000000,0x00000000e06fad98,0x00000000eab00000)
 Metaspace       used 32533K, capacity 33454K, committed 33712K, reserved 1079296K
  class space    used 4455K, capacity 4736K, committed 4784K, reserved 1048576K
Event: 34.120 GC heap after
Heap after GC invocations=7 (full 1):
 PSYoungGen      total 74240K, used 9016K [0x00000000f5580000, 0x00000000faa80000, 0x0000000100000000)
  eden space 63488K, 0% used [0x00000000f5580000,0x00000000f5580000,0x00000000f9380000)
  from space 10752K, 83% used [0x00000000fa000000,0x00000000fa8ce198,0x00000000faa80000)
  to   space 11776K, 0% used [0x00000000f9380000,0x00000000f9380000,0x00000000f9f00000)
 ParOldGen       total 175104K, used 7155K [0x00000000e0000000, 0x00000000eab00000, 0x00000000f5580000)
  object space 175104K, 4% used [0x00000000e0000000,0x00000000e06fcd98,0x00000000eab00000)
 Metaspace       used 32533K, capacity 33454K, committed 33712K, reserved 1079296K
  class space    used 4455K, capacity 4736K, committed 4784K, reserved 1048576K
}
Event: 34.732 GC heap before
{Heap before GC invocations=8 (full 1):
 PSYoungGen      total 74240K, used 54463K [0x00000000f5580000, 0x00000000faa80000, 0x0000000100000000)
  eden space 63488K, 71% used [0x00000000f5580000,0x00000000f81e1c80,0x00000000f9380000)
  from space 10752K, 83% used [0x00000000fa000000,0x00000000fa8ce198,0x00000000faa80000)
  to   space 11776K, 0% used [0x00000000f9380000,0x00000000f9380000,0x00000000f9f00000)
 ParOldGen       total 175104K, used 7155K [0x00000000e0000000, 0x00000000eab00000, 0x00000000f5580000)
  object space 175104K, 4% used [0x00000000e0000000,0x00000000e06fcd98,0x00000000eab00000)
 Metaspace       used 34242K, capacity 35396K, committed 35496K, reserved 1079296K
  class space    used 4735K, capacity 5084K, committed 5168K, reserved 1048576K
Event: 34.741 GC heap after
Heap after GC invocations=8 (full 1):
 PSYoungGen      total 75264K, used 9422K [0x00000000f5580000, 0x00000000fd000000, 0x0000000100000000)
  eden space 63488K, 0% used [0x00000000f5580000,0x00000000f5580000,0x00000000f9380000)
  from space 11776K, 80% used [0x00000000f9380000,0x00000000f9cb3b90,0x00000000f9f00000)
  to   space 11776K, 0% used [0x00000000fc480000,0x00000000fc480000,0x00000000fd000000)
 ParOldGen       total 175104K, used 7163K [0x00000000e0000000, 0x00000000eab00000, 0x00000000f5580000)
  object space 175104K, 4% used [0x00000000e0000000,0x00000000e06fed98,0x00000000eab00000)
 Metaspace       used 34242K, capacity 35396K, committed 35496K, reserved 1079296K
  class space    used 4735K, capacity 5084K, committed 5168K, reserved 1048576K
}
Event: 34.741 GC heap before
{Heap before GC invocations=9 (full 2):
 PSYoungGen      total 75264K, used 9422K [0x00000000f5580000, 0x00000000fd000000, 0x0000000100000000)
  eden space 63488K, 0% used [0x00000000f5580000,0x00000000f5580000,0x00000000f9380000)
  from space 11776K, 80% used [0x00000000f9380000,0x00000000f9cb3b90,0x00000000f9f00000)
  to   space 11776K, 0% used [0x00000000fc480000,0x00000000fc480000,0x00000000fd000000)
 ParOldGen       total 175104K, used 7163K [0x00000000e0000000, 0x00000000eab00000, 0x00000000f5580000)
  object space 175104K, 4% used [0x00000000e0000000,0x00000000e06fed98,0x00000000eab00000)
 Metaspace       used 34242K, capacity 35396K, committed 35496K, reserved 1079296K
  class space    used 4735K, capacity 5084K, committed 5168K, reserved 1048576K
Event: 34.789 GC heap after
Heap after GC invocations=9 (full 2):
 PSYoungGen      total 75264K, used 0K [0x00000000f5580000, 0x00000000fd000000, 0x0000000100000000)
  eden space 63488K, 0% used [0x00000000f5580000,0x00000000f5580000,0x00000000f9380000)
  from space 11776K, 0% used [0x00000000f9380000,0x00000000f9380000,0x00000000f9f00000)
  to   space 11776K, 0% used [0x00000000fc480000,0x00000000fc480000,0x00000000fd000000)
 ParOldGen       total 175104K, used 16064K [0x00000000e0000000, 0x00000000eab00000, 0x00000000f5580000)
  object space 175104K, 9% used [0x00000000e0000000,0x00000000e0fb0378,0x00000000eab00000)
 Metaspace       used 34242K, capacity 35396K, committed 35496K, reserved 1079296K
  class space    used 4735K, capacity 5084K, committed 5168K, reserved 1048576K
}
Event: 38.519 GC heap before
{Heap before GC invocations=10 (full 2):
 PSYoungGen      total 75264K, used 63488K [0x00000000f5580000, 0x00000000fd000000, 0x0000000100000000)
  eden space 63488K, 100% used [0x00000000f5580000,0x00000000f9380000,0x00000000f9380000)
  from space 11776K, 0% used [0x00000000f9380000,0x00000000f9380000,0x00000000f9f00000)
  to   space 11776K, 0% used [0x00000000fc480000,0x00000000fc480000,0x00000000fd000000)
 ParOldGen       total 175104K, used 16064K [0x00000000e0000000, 0x00000000eab00000, 0x00000000f5580000)
  object space 175104K, 9% used [0x00000000e0000000,0x00000000e0fb0378,0x00000000eab00000)
 Metaspace       used 37124K, capacity 38710K, committed 38832K, reserved 1083392K
  class space    used 5114K, capacity 5528K, committed 5552K, reserved 1048576K
Event: 38.525 GC heap after
Heap after GC invocations=10 (full 2):
 PSYoungGen      total 101376K, used 5647K [0x00000000f5580000, 0x00000000fca80000, 0x0000000100000000)
  eden space 95232K, 0% used [0x00000000f5580000,0x00000000f5580000,0x00000000fb280000)
  from space 6144K, 91% used [0x00000000fc480000,0x00000000fca03d40,0x00000000fca80000)
  to   space 12288K, 0% used [0x00000000fb280000,0x00000000fb280000,0x00000000fbe80000)
 ParOldGen       total 175104K, used 16072K [0x00000000e0000000, 0x00000000eab00000, 0x00000000f5580000)
  object space 175104K, 9% used [0x00000000e0000000,0x00000000e0fb2378,0x00000000eab00000)
 Metaspace       used 37124K, capacity 38710K, committed 38832K, reserved 1083392K
  class space    used 5114K, capacity 5528K, committed 5552K, reserved 1048576K
}
Event: 41.505 GC heap before
{Heap before GC invocations=11 (full 2):
 PSYoungGen      total 101376K, used 100879K [0x00000000f5580000, 0x00000000fca80000, 0x0000000100000000)
  eden space 95232K, 100% used [0x00000000f5580000,0x00000000fb280000,0x00000000fb280000)
  from space 6144K, 91% used [0x00000000fc480000,0x00000000fca03d40,0x00000000fca80000)
  to   space 12288K, 0% used [0x00000000fb280000,0x00000000fb280000,0x00000000fbe80000)
 ParOldGen       total 175104K, used 16072K [0x00000000e0000000, 0x00000000eab00000, 0x00000000f5580000)
  object space 175104K, 9% used [0x00000000e0000000,0x00000000e0fb2378,0x00000000eab00000)
 Metaspace       used 47120K, capacity 48924K, committed 49200K, reserved 1091584K
  class space    used 6341K, capacity 6834K, committed 6960K, reserved 1048576K
Event: 41.518 GC heap after
Heap after GC invocations=11 (full 2):
 PSYoungGen      total 104960K, used 12287K [0x00000000f5580000, 0x00000000fcd00000, 0x0000000100000000)
  eden space 92672K, 0% used [0x00000000f5580000,0x00000000f5580000,0x00000000fb000000)
  from space 12288K, 99% used [0x00000000fb280000,0x00000000fbe7fdc0,0x00000000fbe80000)
  to   space 14848K, 0% used [0x00000000fbe80000,0x00000000fbe80000,0x00000000fcd00000)
 ParOldGen       total 175104K, used 19052K [0x00000000e0000000, 0x00000000eab00000, 0x00000000f5580000)
  object space 175104K, 10% used [0x00000000e0000000,0x00000000e129b1c0,0x00000000eab00000)
 Metaspace       used 47120K, capacity 48924K, committed 49200K, reserved 1091584K
  class space    used 6341K, capacity 6834K, committed 6960K, reserved 1048576K
}

